events: Tick
summary: 4000201
cmd: your python script

ob=testsendfiletopipe.py
fn=send_command [testsendfiletopipe.py]
55 6723
ob=testsendfiletopipe.py
fn=f [testsendfiletopipe.py]
73 22
ob=testsendfiletopipe.py
fn=read_from [testsendfiletopipe.py]
65 5901
ob=testsendfiletopipe.py
fn=read_from [testsendfiletopipe.py]
60 1636
ob=testsendfiletopipe.py
fn=read_from [testsendfiletopipe.py]
59 1876
ob=testsendfiletopipe.py
fn=f [testsendfiletopipe.py]
67 12
ob=testsendfiletopipe.py
fn=send_command [testsendfiletopipe.py]
57 444
ob=testsendfiletopipe.py
fn=f [testsendfiletopipe.py]
71 547
ob=testsendfiletopipe.py
fn=read_from [testsendfiletopipe.py]
61 1223
ob=testsendfiletopipe.py
fn=read_from [testsendfiletopipe.py]
62 3979409
ob=testsendfiletopipe.py
fn=f [testsendfiletopipe.py]
68 981
ob=testsendfiletopipe.py
fn=read_from [testsendfiletopipe.py]
64 682
ob=testsendfiletopipe.py
fn=f [testsendfiletopipe.py]
69 745


ob=testsendfiletopipe.py
fn=f [testsendfiletopipe.py]
fl=f [testsendfiletopipe.py]
cob=testsendfiletopipe.py

cfl=testsendfiletopipe.py
cfn=send_command [testsendfiletopipe.py]
calls=1000
55 7167
cob=testsendfiletopipe.py

cfl=testsendfiletopipe.py
cfn=read_from [testsendfiletopipe.py]
calls=1000
59 3990727
ob=PythonInterpreter
fn=execute [PythonInterpreter]
fl=execute [PythonInterpreter]
cob=testsendfiletopipe.py

cfl=testsendfiletopipe.py
cfn=f [testsendfiletopipe.py]
calls=1
67 4000201
