events: Tick
summary: 2775890
cmd: your python script

ob=testsendfiletopipe.py
fn=sendloop [testsendfiletopipe.py]
42 3
ob=testsendfiletopipe.py
fn=read_command [testsendfiletopipe.py]
29 2749406
ob=testsendfiletopipe.py
fn=open_file [testsendfiletopipe.py]
36 6395
ob=testsendfiletopipe.py
fn=send_file [testsendfiletopipe.py]
39 20086


ob=testsendfiletopipe.py
fn=sendloop [testsendfiletopipe.py]
fl=sendloop [testsendfiletopipe.py]
cob=testsendfiletopipe.py

cfl=testsendfiletopipe.py
cfn=read_command [testsendfiletopipe.py]
calls=695
29 2749406
cob=testsendfiletopipe.py

cfl=testsendfiletopipe.py
cfn=open_file [testsendfiletopipe.py]
calls=695
36 6395
cob=testsendfiletopipe.py

cfl=testsendfiletopipe.py
cfn=send_file [testsendfiletopipe.py]
calls=694
39 20086
ob=PythonInterpreter
fn=execute [PythonInterpreter]
fl=execute [PythonInterpreter]
cob=testsendfiletopipe.py

cfl=testsendfiletopipe.py
cfn=sendloop [testsendfiletopipe.py]
calls=1
42 2775890
